28-Feb-2024 15:07:26.071 INFO [main] org.apache.catalina.startup.VersionLoggerListener.log 서버 버전 이름:    Apache Tomcat/9.0.85
28-Feb-2024 15:07:26.074 INFO [main] org.apache.catalina.startup.VersionLoggerListener.log Server 빌드 시각:  Jan 5 2024 08:28:07 UTC
28-Feb-2024 15:07:26.075 INFO [main] org.apache.catalina.startup.VersionLoggerListener.log Server 버전 번호:  9.0.85.0
28-Feb-2024 15:07:26.075 INFO [main] org.apache.catalina.startup.VersionLoggerListener.log 운영체제 이름:     Windows 10
28-Feb-2024 15:07:26.075 INFO [main] org.apache.catalina.startup.VersionLoggerListener.log 운영체제 버전:     10.0
28-Feb-2024 15:07:26.075 INFO [main] org.apache.catalina.startup.VersionLoggerListener.log 아키텍처:          amd64
28-Feb-2024 15:07:26.075 INFO [main] org.apache.catalina.startup.VersionLoggerListener.log 자바 홈:           C:\Program Files\Java\jdk-11
28-Feb-2024 15:07:26.075 INFO [main] org.apache.catalina.startup.VersionLoggerListener.log JVM 버전:          11.0.21+9-LTS-193
28-Feb-2024 15:07:26.076 INFO [main] org.apache.catalina.startup.VersionLoggerListener.log JVM 벤더:          Oracle Corporation
28-Feb-2024 15:07:26.076 INFO [main] org.apache.catalina.startup.VersionLoggerListener.log CATALINA_BASE:     C:\Users\dw\Downloads\shop
28-Feb-2024 15:07:26.076 INFO [main] org.apache.catalina.startup.VersionLoggerListener.log CATALINA_HOME:     C:\Users\dw\Downloads\apache-tomcat-9.0.85\apache-tomcat-9.0.85
28-Feb-2024 15:07:26.087 INFO [main] org.apache.catalina.startup.VersionLoggerListener.log 명령 행 아규먼트:  --add-opens=java.base/java.lang=ALL-UNNAMED
28-Feb-2024 15:07:26.087 INFO [main] org.apache.catalina.startup.VersionLoggerListener.log 명령 행 아규먼트:  --add-opens=java.base/java.io=ALL-UNNAMED
28-Feb-2024 15:07:26.087 INFO [main] org.apache.catalina.startup.VersionLoggerListener.log 명령 행 아규먼트:  --add-opens=java.base/java.util=ALL-UNNAMED
28-Feb-2024 15:07:26.087 INFO [main] org.apache.catalina.startup.VersionLoggerListener.log 명령 행 아규먼트:  --add-opens=java.base/java.util.concurrent=ALL-UNNAMED
28-Feb-2024 15:07:26.087 INFO [main] org.apache.catalina.startup.VersionLoggerListener.log 명령 행 아규먼트:  --add-opens=java.rmi/sun.rmi.transport=ALL-UNNAMED
28-Feb-2024 15:07:26.087 INFO [main] org.apache.catalina.startup.VersionLoggerListener.log 명령 행 아규먼트:  -Dcatalina.home=C:\Users\dw\Downloads\apache-tomcat-9.0.85\apache-tomcat-9.0.85
28-Feb-2024 15:07:26.088 INFO [main] org.apache.catalina.startup.VersionLoggerListener.log 명령 행 아규먼트:  -Dcatalina.base=C:\Users\dw\Downloads\shop
28-Feb-2024 15:07:26.088 INFO [main] org.apache.catalina.startup.VersionLoggerListener.log 명령 행 아규먼트:  -Djava.io.tmpdir=C:\Users\dw\Downloads\shop\temp
28-Feb-2024 15:07:26.088 INFO [main] org.apache.catalina.startup.VersionLoggerListener.log 명령 행 아규먼트:  -Djava.util.logging.config.file=C:\Users\dw\Downloads\shop\conf\logging.properties
28-Feb-2024 15:07:26.088 INFO [main] org.apache.catalina.startup.VersionLoggerListener.log 명령 행 아규먼트:  -Djava.util.logging.manager=org.apache.juli.ClassLoaderLogManager
28-Feb-2024 15:07:26.088 INFO [main] org.apache.catalina.startup.VersionLoggerListener.log 명령 행 아규먼트:  -javaagent:C:\Program Files\JetBrains\IntelliJ IDEA Community Edition 2023.3.3\lib\idea_rt.jar=64474:C:\Program Files\JetBrains\IntelliJ IDEA Community Edition 2023.3.3\bin
28-Feb-2024 15:07:26.088 INFO [main] org.apache.catalina.startup.VersionLoggerListener.log 명령 행 아규먼트:  -Dfile.encoding=UTF-8
28-Feb-2024 15:07:26.094 INFO [main] org.apache.catalina.core.AprLifecycleListener.lifecycleEvent 프로덕션 환경들에서 최적의 성능을 제공하는, APR 기반 Apache Tomcat Native 라이브러리가, 다음 java.library.path에서 발견되지 않습니다: [C:\Program Files\Java\jdk-11\bin;C:\WINDOWS\Sun\Java\bin;C:\WINDOWS\system32;C:\WINDOWS;C:\Program Files\Common Files\Oracle\Java\javapath;C:\WINDOWS\system32;C:\WINDOWS;C:\WINDOWS\System32\Wbem;C:\WINDOWS\System32\WindowsPowerShell\v1.0\;C:\WINDOWS\System32\OpenSSH\;C:\Program Files\Git\cmd;C:\Program Files\Bandizip\;C:\Users\dw\AppData\Local\Microsoft\WindowsApps;;C:\Users\dw\AppData\Local\Programs\Microsoft VS Code\bin;.]
28-Feb-2024 15:07:26.414 INFO [main] org.apache.coyote.AbstractProtocol.init 프로토콜 핸들러 ["http-nio-8080"]을(를) 초기화합니다.
28-Feb-2024 15:07:26.435 INFO [main] org.apache.catalina.startup.Catalina.load [632] 밀리초 내에 서버가 초기화되었습니다.
28-Feb-2024 15:07:26.513 INFO [main] org.apache.catalina.core.StandardService.startInternal 서비스 [Catalina]을(를) 시작합니다.
28-Feb-2024 15:07:26.513 INFO [main] org.apache.catalina.core.StandardEngine.startInternal 서버 엔진을 시작합니다: [Apache Tomcat/9.0.85]
28-Feb-2024 15:07:26.530 INFO [main] org.apache.catalina.startup.HostConfig.deployDescriptor 배치 descriptor [C:\Users\dw\Downloads\shop\conf\Catalina\localhost\ROOT.xml]을(를) 배치합니다.
28-Feb-2024 15:07:27.109 INFO [main] org.apache.jasper.servlet.TldScanner.scanJars 적어도 하나의 JAR가 TLD들을 찾기 위해 스캔되었으나 아무 것도 찾지 못했습니다. 스캔했으나 TLD가 없는 JAR들의 전체 목록을 보시려면, 로그 레벨을 디버그 레벨로 설정하십시오. 스캔 과정에서 불필요한 JAR들을 건너뛰면, 시스템 시작 시간과 JSP 컴파일 시간을 단축시킬 수 있습니다.
28-Feb-2024 15:07:27.185 INFO [main] org.apache.catalina.startup.HostConfig.deployDescriptor 배치 descriptor [C:\Users\dw\Downloads\shop\conf\Catalina\localhost\ROOT.xml]의 배치가 [653] 밀리초 내에 완료되었습니다.
28-Feb-2024 15:07:27.188 INFO [main] org.apache.coyote.AbstractProtocol.start 프로토콜 핸들러 ["http-nio-8080"]을(를) 시작합니다.
28-Feb-2024 15:07:27.227 INFO [main] org.apache.catalina.startup.Catalina.start 서버가 [791] 밀리초 내에 시작되었습니다.
28-Feb-2024 15:07:33.775 INFO [Thread-1] org.apache.coyote.AbstractProtocol.pause 프로토콜 핸들러 ["http-nio-8080"]을(를) 일시 정지 중
28-Feb-2024 15:07:33.803 INFO [Thread-1] org.apache.catalina.core.StandardService.stopInternal 서비스 [Catalina]을(를) 중지시킵니다.
28-Feb-2024 15:07:33.821 INFO [Thread-1] org.apache.coyote.AbstractProtocol.stop 프로토콜 핸들러 ["http-nio-8080"]을(를) 중지시킵니다.
28-Feb-2024 15:07:33.837 INFO [Thread-1] org.apache.coyote.AbstractProtocol.destroy 프로토콜 핸들러 ["http-nio-8080"]을(를) 소멸시킵니다.
